This is pdfTeX, Version 3.1415926-2.5-1.40.14 (MiKTeX 2.9 64-bit) (preloaded format=pdflatex 2014.10.20)  3 APR 2018 14:45
entering extended mode
**CSFA.tex

("C:\Users\lucp8394\Documents\StatFiles\CenStat\R Development\CSFA\pkg\vignette
s\CSFA.tex"
LaTeX2e <2014/05/01>
Babel <3.9l> and hyphenation patterns for 68 languages loaded.
("C:\Program Files\MiKTeX 2.9\tex\latex\base\article.cls"
Document Class: article 2007/10/19 v1.4h Standard LaTeX document class
("C:\Program Files\MiKTeX 2.9\tex\latex\base\size10.clo"
File: size10.clo 2007/10/19 v1.4h Standard LaTeX file (size option)
)
\c@part=\count79
\c@section=\count80
\c@subsection=\count81
\c@subsubsection=\count82
\c@paragraph=\count83
\c@subparagraph=\count84
\c@figure=\count85
\c@table=\count86
\abovecaptionskip=\skip41
\belowcaptionskip=\skip42
\bibindent=\dimen102
)
("C:\Program Files\MiKTeX 2.9\tex\latex\graphics\graphicx.sty"
Package: graphicx 2014/04/25 v1.0g Enhanced LaTeX Graphics (DPC,SPQR)

("C:\Program Files\MiKTeX 2.9\tex\latex\graphics\keyval.sty"
Package: keyval 2014/05/08 v1.15 key=value parser (DPC)
\KV@toks@=\toks14
)
("C:\Program Files\MiKTeX 2.9\tex\latex\graphics\graphics.sty"
Package: graphics 2009/02/05 v1.0o Standard LaTeX Graphics (DPC,SPQR)

("C:\Program Files\MiKTeX 2.9\tex\latex\graphics\trig.sty"
Package: trig 1999/03/16 v1.09 sin cos tan (DPC)
)
("C:\Program Files\MiKTeX 2.9\tex\latex\00miktex\graphics.cfg"
File: graphics.cfg 2007/01/18 v1.5 graphics configuration of teTeX/TeXLive
)
Package graphics Info: Driver file: pdftex.def on input line 91.

("C:\Program Files\MiKTeX 2.9\tex\latex\pdftex-def\pdftex.def"
File: pdftex.def 2011/05/27 v0.06d Graphics/color for pdfTeX

("C:\Program Files\MiKTeX 2.9\tex\generic\oberdiek\infwarerr.sty"
Package: infwarerr 2010/04/08 v1.3 Providing info/warning/error messages (HO)
)
("C:\Program Files\MiKTeX 2.9\tex\generic\oberdiek\ltxcmds.sty"
Package: ltxcmds 2011/11/09 v1.22 LaTeX kernel commands for general use (HO)
)
\Gread@gobject=\count87
))
\Gin@req@height=\dimen103
\Gin@req@width=\dimen104
)
("C:\Program Files\MiKTeX 2.9\tex\latex\graphics\color.sty"
Package: color 2014/04/23 v1.1a Standard LaTeX Color (DPC)

("C:\Program Files\MiKTeX 2.9\tex\latex\00miktex\color.cfg"
File: color.cfg 2007/01/18 v1.5 color configuration of teTeX/TeXLive
)
Package color Info: Driver file: pdftex.def on input line 137.
)
("C:\Program Files\MiKTeX 2.9\tex\latex\framed\framed.sty"
Package: framed 2011/10/22 v 0.96: framed or shaded text with page breaks
\OuterFrameSep=\skip43
\fb@frw=\dimen105
\fb@frh=\dimen106
\FrameRule=\dimen107
\FrameSep=\dimen108
)
("C:\Program Files\MiKTeX 2.9\tex\latex\base\alltt.sty"
Package: alltt 1997/06/16 v2.0g defines alltt environment
)
("C:\Program Files\MiKTeX 2.9\tex\latex\misc\etex.sty"
Package: etex 1998/03/26 v2.0 eTeX basic definition package (PEB)
\et@xins=\count88
)
("C:\Program Files\MiKTeX 2.9\tex\latex\geometry\geometry.sty"
Package: geometry 2010/09/12 v5.6 Page Geometry

("C:\Program Files\MiKTeX 2.9\tex\generic\oberdiek\ifpdf.sty"
Package: ifpdf 2011/01/30 v2.3 Provides the ifpdf switch (HO)
Package ifpdf Info: pdfTeX in PDF mode is detected.
)
("C:\Program Files\MiKTeX 2.9\tex\generic\oberdiek\ifvtex.sty"
Package: ifvtex 2010/03/01 v1.5 Detect VTeX and its facilities (HO)
Package ifvtex Info: VTeX not detected.
)
("C:\Program Files\MiKTeX 2.9\tex\generic\ifxetex\ifxetex.sty"
Package: ifxetex 2010/09/12 v0.6 Provides ifxetex conditional
)
\Gm@cnth=\count89
\Gm@cntv=\count90
\c@Gm@tempcnt=\count91
\Gm@bindingoffset=\dimen109
\Gm@wd@mp=\dimen110
\Gm@odd@mp=\dimen111
\Gm@even@mp=\dimen112
\Gm@layoutwidth=\dimen113
\Gm@layoutheight=\dimen114
\Gm@layouthoffset=\dimen115
\Gm@layoutvoffset=\dimen116
\Gm@dimlist=\toks15

("C:\Program Files\MiKTeX 2.9\tex\latex\geometry\geometry.cfg"))
("C:\Program Files\MiKTeX 2.9\tex\latex\amsmath\amsmath.sty"
Package: amsmath 2013/01/14 v2.14 AMS math features
\@mathmargin=\skip44

For additional information on amsmath, use the `?' option.
("C:\Program Files\MiKTeX 2.9\tex\latex\amsmath\amstext.sty"
Package: amstext 2000/06/29 v2.01

("C:\Program Files\MiKTeX 2.9\tex\latex\amsmath\amsgen.sty"
File: amsgen.sty 1999/11/30 v2.0
\@emptytoks=\toks16
\ex@=\dimen117
))
("C:\Program Files\MiKTeX 2.9\tex\latex\amsmath\amsbsy.sty"
Package: amsbsy 1999/11/29 v1.2d
\pmbraise@=\dimen118
)
("C:\Program Files\MiKTeX 2.9\tex\latex\amsmath\amsopn.sty"
Package: amsopn 1999/12/14 v2.01 operator names
)
\inf@bad=\count92
LaTeX Info: Redefining \frac on input line 210.
\uproot@=\count93
\leftroot@=\count94
LaTeX Info: Redefining \overline on input line 306.
\classnum@=\count95
\DOTSCASE@=\count96
LaTeX Info: Redefining \ldots on input line 378.
LaTeX Info: Redefining \dots on input line 381.
LaTeX Info: Redefining \cdots on input line 466.
\Mathstrutbox@=\box26
\strutbox@=\box27
\big@size=\dimen119
LaTeX Font Info:    Redeclaring font encoding OML on input line 566.
LaTeX Font Info:    Redeclaring font encoding OMS on input line 567.
\macc@depth=\count97
\c@MaxMatrixCols=\count98
\dotsspace@=\muskip10
\c@parentequation=\count99
\dspbrk@lvl=\count100
\tag@help=\toks17
\row@=\count101
\column@=\count102
\maxfields@=\count103
\andhelp@=\toks18
\eqnshift@=\dimen120
\alignsep@=\dimen121
\tagshift@=\dimen122
\tagwidth@=\dimen123
\totwidth@=\dimen124
\lineht@=\dimen125
\@envbody=\toks19
\multlinegap=\skip45
\multlinetaggap=\skip46
\mathdisplay@stack=\toks20
LaTeX Info: Redefining \[ on input line 2665.
LaTeX Info: Redefining \] on input line 2666.
)
("C:\Program Files\MiKTeX 2.9\tex\latex\amsfonts\amssymb.sty"
Package: amssymb 2013/01/14 v3.01 AMS font symbols

("C:\Program Files\MiKTeX 2.9\tex\latex\amsfonts\amsfonts.sty"
Package: amsfonts 2013/01/14 v3.01 Basic AMSFonts support
\symAMSa=\mathgroup4
\symAMSb=\mathgroup5
LaTeX Font Info:    Overwriting math alphabet `\mathfrak' in version `bold'
(Font)                  U/euf/m/n --> U/euf/b/n on input line 106.
))
("C:\Program Files\MiKTeX 2.9\tex\latex\easy\easybmat.sty"
Document Style `easybmat' v1.0 <2001/06/13>.
("C:\Program Files\MiKTeX 2.9\tex\latex\easy\easy.sty"
Document Style `easy' v1.1 <2001/05/31>.
Package: easy 2001/05/31 v1.1
\@easy@level=\count104
\@easy@ncol=\count105
\@easy@nrow=\count106
\@easy@cnt=\count107
\@easy@boxviii=\box28
\@easy@minxviii=\dimen126
\@easy@minyviii=\dimen127
\@easy@maxxviii=\dimen128
\@easy@maxyviii=\dimen129
\@easy@boxvii=\box29
\@easy@minxvii=\dimen130
\@easy@minyvii=\dimen131
\@easy@maxxvii=\dimen132
\@easy@maxyvii=\dimen133
\@easy@boxvi=\box30
\@easy@minxvi=\dimen134
\@easy@minyvi=\dimen135
\@easy@maxxvi=\dimen136
\@easy@maxyvi=\dimen137
\@easy@boxv=\box31
\@easy@minxv=\dimen138
\@easy@minyv=\dimen139
\@easy@maxxv=\dimen140
\@easy@maxyv=\dimen141
\@easy@boxiv=\box32
\@easy@minxiv=\dimen142
\@easy@minyiv=\dimen143
\@easy@maxxiv=\dimen144
\@easy@maxyiv=\dimen145
\@easy@boxiii=\box33
\@easy@minxiii=\dimen146
\@easy@minyiii=\dimen147
\@easy@maxxiii=\dimen148
\@easy@maxyiii=\dimen149
\@easy@boxii=\box34
\@easy@minxii=\dimen150
\@easy@minyii=\dimen151
\@easy@maxxii=\dimen152
\@easy@maxyii=\dimen153
\@easy@boxi=\box35
\@easy@minxi=\dimen154
\@easy@minyi=\dimen155
\@easy@maxxi=\dimen156
\@easy@maxyi=\dimen157
\@easy@hsizexxx=\dimen158
\@easy@vsizexxx=\dimen159
\@easy@hsizexxix=\dimen160
\@easy@vsizexxix=\dimen161
\@easy@hsizexxviii=\dimen162
\@easy@vsizexxviii=\dimen163
\@easy@hsizexxvii=\dimen164
\@easy@vsizexxvii=\dimen165
\@easy@hsizexxvi=\dimen166
\@easy@vsizexxvi=\dimen167
\@easy@hsizexxv=\dimen168
\@easy@vsizexxv=\dimen169
\@easy@hsizexxiv=\dimen170
\@easy@vsizexxiv=\dimen171
\@easy@hsizexxiii=\dimen172
\@easy@vsizexxiii=\dimen173
\@easy@hsizexxii=\dimen174
\@easy@vsizexxii=\dimen175
\@easy@hsizexxi=\dimen176
\@easy@vsizexxi=\dimen177
\@easy@hsizexx=\dimen178
\@easy@vsizexx=\dimen179
\@easy@hsizexix=\dimen180
\@easy@vsizexix=\dimen181
\@easy@hsizexviii=\dimen182
\@easy@vsizexviii=\dimen183
\@easy@hsizexvii=\dimen184
\@easy@vsizexvii=\dimen185
\@easy@hsizexvi=\dimen186
\@easy@vsizexvi=\dimen187
\@easy@hsizexv=\dimen188
\@easy@vsizexv=\dimen189
\@easy@hsizexiv=\dimen190
\@easy@vsizexiv=\dimen191
\@easy@hsizexiii=\dimen192
\@easy@vsizexiii=\dimen193
\@easy@hsizexii=\dimen194
\@easy@vsizexii=\dimen195
\@easy@hsizexi=\dimen196
\@easy@vsizexi=\dimen197
\@easy@hsizex=\dimen198
\@easy@vsizex=\dimen199
\@easy@hsizeix=\dimen200
\@easy@vsizeix=\dimen201
\@easy@hsizeviii=\dimen202
\@easy@vsizeviii=\dimen203
\@easy@hsizevii=\dimen204
\@easy@vsizevii=\dimen205
\@easy@hsizevi=\dimen206
\@easy@vsizevi=\dimen207
\@easy@hsizev=\dimen208
\@easy@vsizev=\dimen209
\@easy@hsizeiv=\dimen210
\@easy@vsizeiv=\dimen211
\@easy@hsizeiii=\dimen212
\@easy@vsizeiii=\dimen213
\@easy@hsizeii=\dimen214
\@easy@vsizeii=\dimen215
\@easy@hsizei=\dimen216
\@easy@vsizei=\dimen217
\@easy@dash@len=\dimen218
\@easy@dash@sep=\dimen219
)
Package: easybmat 2001/05/31 v1.1
\@bmat@size@rule=\dimen220
\@bmat@size@dash=\dimen221
) ("C:\Program Files\MiKTeX 2.9\tex\latex\setspace\setspace.sty"
Package: setspace 2011/12/19 v6.7a set line spacing
)
("C:\Program Files\MiKTeX 2.9\tex\latex\caption\subcaption.sty"
Package: subcaption 2013/02/03 v1.1-62 Sub-captions (AR)

("C:\Program Files\MiKTeX 2.9\tex\latex\caption\caption.sty"
Package: caption 2013/05/02 v3.3-89 Customizing captions (AR)

("C:\Program Files\MiKTeX 2.9\tex\latex\caption\caption3.sty"
Package: caption3 2013/05/02 v1.6-88 caption3 kernel (AR)
Package caption3 Info: TeX engine: e-TeX on input line 57.
\captionmargin=\dimen222
\captionmargin@=\dimen223
\captionwidth=\dimen224
\caption@tempdima=\dimen225
\caption@indent=\dimen226
\caption@parindent=\dimen227
\caption@hangindent=\dimen228
)
\c@ContinuedFloat=\count108
)
\c@subfigure=\count109
\c@subtable=\count110
)
("C:\Program Files\MiKTeX 2.9\tex\latex\multirow\multirow.sty"
\bigstrutjot=\dimen229
)
("C:\Program Files\MiKTeX 2.9\tex\latex\float\float.sty"
Package: float 2001/11/08 v1.3d Float enhancements (AL)
\c@float@type=\count111
\float@exts=\toks21
\float@box=\box36
\@float@everytoks=\toks22
\@floatcapt=\box37
)
("C:\Program Files\MiKTeX 2.9\tex\latex\babel\babel.sty"
Package: babel 2014/09/25 3.9l The Babel package

*************************************
* Local config file bblopts.cfg used
*
("C:\Program Files\MiKTeX 2.9\tex\latex\00miktex\bblopts.cfg"
File: bblopts.cfg 2006/07/31 v1.0 MiKTeX 'babel' configuration
)
("C:\Program Files\MiKTeX 2.9\tex\latex\babel-english\english.ldf"
Language: english 2012/08/20 v3.3p English support from the babel system

("C:\Program Files\MiKTeX 2.9\tex\latex\babel\babel.def"
File: babel.def 2014/09/25 3.9l Babel common definitions
\babel@savecnt=\count112
\U@D=\dimen230
)
\l@canadian = a dialect from \language\l@american 
\l@australian = a dialect from \language\l@british 
\l@newzealand = a dialect from \language\l@british 
))
("C:\Program Files\MiKTeX 2.9\tex\latex\natbib\natbib.sty"
Package: natbib 2010/09/13 8.31b (PWD, AO)
\bibhang=\skip47
\bibsep=\skip48
LaTeX Info: Redefining \cite on input line 694.
\c@NAT@ctr=\count113
)
("C:\Program Files\MiKTeX 2.9\tex\latex\hyperref\hyperref.sty"
Package: hyperref 2012/11/06 v6.83m Hypertext links for LaTeX

("C:\Program Files\MiKTeX 2.9\tex\generic\oberdiek\hobsub-hyperref.sty"
Package: hobsub-hyperref 2012/04/25 v1.12 Bundle oberdiek, subset hyperref (HO)


("C:\Program Files\MiKTeX 2.9\tex\generic\oberdiek\hobsub-generic.sty"
Package: hobsub-generic 2012/04/25 v1.12 Bundle oberdiek, subset generic (HO)
Package: hobsub 2012/04/25 v1.12 Construct package bundles (HO)
Package hobsub Info: Skipping package `infwarerr' (already loaded).
Package hobsub Info: Skipping package `ltxcmds' (already loaded).
Package: ifluatex 2010/03/01 v1.3 Provides the ifluatex switch (HO)
Package ifluatex Info: LuaTeX not detected.
Package hobsub Info: Skipping package `ifvtex' (already loaded).
Package: intcalc 2007/09/27 v1.1 Expandable calculations with integers (HO)
Package hobsub Info: Skipping package `ifpdf' (already loaded).
Package: etexcmds 2011/02/16 v1.5 Avoid name clashes with e-TeX commands (HO)
Package etexcmds Info: Could not find \expanded.
(etexcmds)             That can mean that you are not using pdfTeX 1.50 or
(etexcmds)             that some package has redefined \expanded.
(etexcmds)             In the latter case, load this package earlier.
Package: kvsetkeys 2012/04/25 v1.16 Key value parser (HO)
Package: kvdefinekeys 2011/04/07 v1.3 Define keys (HO)
Package: pdftexcmds 2011/11/29 v0.20 Utility functions of pdfTeX for LuaTeX (HO
)
Package pdftexcmds Info: LuaTeX not detected.
Package pdftexcmds Info: \pdf@primitive is available.
Package pdftexcmds Info: \pdf@ifprimitive is available.
Package pdftexcmds Info: \pdfdraftmode found.
Package: pdfescape 2011/11/25 v1.13 Implements pdfTeX's escape features (HO)
Package: bigintcalc 2012/04/08 v1.3 Expandable calculations on big integers (HO
)
Package: bitset 2011/01/30 v1.1 Handle bit-vector datatype (HO)
Package: uniquecounter 2011/01/30 v1.2 Provide unlimited unique counter (HO)
)
Package hobsub Info: Skipping package `hobsub' (already loaded).
Package: letltxmacro 2010/09/02 v1.4 Let assignment for LaTeX macros (HO)
Package: hopatch 2011/06/24 v1.1 Wrapper for package hooks (HO)
Package: xcolor-patch 2011/01/30 xcolor patch
Package: atveryend 2011/06/30 v1.8 Hooks at the very end of document (HO)
Package atveryend Info: \enddocument detected (standard20110627).
Package: atbegshi 2011/10/05 v1.16 At begin shipout hook (HO)
Package: refcount 2011/10/16 v3.4 Data extraction from label references (HO)
Package: hycolor 2011/01/30 v1.7 Color options for hyperref/bookmark (HO)
)
("C:\Program Files\MiKTeX 2.9\tex\latex\oberdiek\auxhook.sty"
Package: auxhook 2011/03/04 v1.3 Hooks for auxiliary files (HO)
)
("C:\Program Files\MiKTeX 2.9\tex\latex\oberdiek\kvoptions.sty"
Package: kvoptions 2011/06/30 v3.11 Key value format for package options (HO)
)
\@linkdim=\dimen231
\Hy@linkcounter=\count114
\Hy@pagecounter=\count115

("C:\Program Files\MiKTeX 2.9\tex\latex\hyperref\pd1enc.def"
File: pd1enc.def 2012/11/06 v6.83m Hyperref: PDFDocEncoding definition (HO)
)
\Hy@SavedSpaceFactor=\count116

("C:\Program Files\MiKTeX 2.9\tex\latex\00miktex\hyperref.cfg"
File: hyperref.cfg 2002/06/06 v1.2 hyperref configuration of TeXLive
)
Package hyperref Info: Hyper figures OFF on input line 4443.
Package hyperref Info: Link nesting OFF on input line 4448.
Package hyperref Info: Hyper index ON on input line 4451.
Package hyperref Info: Plain pages OFF on input line 4458.
Package hyperref Info: Backreferencing OFF on input line 4463.
Package hyperref Info: Implicit mode ON; LaTeX internals redefined.
Package hyperref Info: Bookmarks ON on input line 4688.
\c@Hy@tempcnt=\count117

("C:\Program Files\MiKTeX 2.9\tex\latex\url\url.sty"
\Urlmuskip=\muskip11
Package: url 2013/09/16  ver 3.4  Verb mode for urls, etc.
)
LaTeX Info: Redefining \url on input line 5041.
\XeTeXLinkMargin=\dimen232
\Fld@menulength=\count118
\Field@Width=\dimen233
Normal \dimen register pool exhausted, switching to extended pool.
\Fld@charsize=\dimen256
Package hyperref Info: Hyper figures OFF on input line 6295.
Package hyperref Info: Link nesting OFF on input line 6300.
Package hyperref Info: Hyper index ON on input line 6303.
Package hyperref Info: backreferencing OFF on input line 6310.
Package hyperref Info: Link coloring OFF on input line 6315.
Package hyperref Info: Link coloring with OCG OFF on input line 6320.
Package hyperref Info: PDF/A mode OFF on input line 6325.
LaTeX Info: Redefining \ref on input line 6365.
LaTeX Info: Redefining \pageref on input line 6369.
\Hy@abspage=\count119
\c@Item=\count120
\c@Hfootnote=\count121
)

Package hyperref Message: Driver (autodetected): hpdftex.

("C:\Program Files\MiKTeX 2.9\tex\latex\hyperref\hpdftex.def"
File: hpdftex.def 2012/11/06 v6.83m Hyperref driver for pdfTeX
\Fld@listcount=\count122
\c@bookmark@seq@number=\count123

("C:\Program Files\MiKTeX 2.9\tex\latex\oberdiek\rerunfilecheck.sty"
Package: rerunfilecheck 2011/04/15 v1.7 Rerun checks for auxiliary files (HO)
Package uniquecounter Info: New unique counter `rerunfilecheck' on input line 2
82.
)
\Hy@SectionHShift=\skip49
)
Package hyperref Info: Option `colorlinks' set `true' on input line 78.

("C:\Program Files\MiKTeX 2.9\tex\latex\upquote\upquote.sty"
Package: upquote 2012/04/19 v1.3 upright-quote and grave-accent glyphs in verba
tim
)
("C:\Users\lucp8394\Documents\StatFiles\CenStat\R Development\CSFA\pkg\vignette
s\CSFA.aux")
LaTeX Font Info:    Checking defaults for OML/cmm/m/it on input line 86.
LaTeX Font Info:    ... okay on input line 86.
LaTeX Font Info:    Checking defaults for T1/cmr/m/n on input line 86.
LaTeX Font Info:    ... okay on input line 86.
LaTeX Font Info:    Checking defaults for OT1/cmr/m/n on input line 86.
LaTeX Font Info:    ... okay on input line 86.
LaTeX Font Info:    Checking defaults for OMS/cmsy/m/n on input line 86.
LaTeX Font Info:    ... okay on input line 86.
LaTeX Font Info:    Checking defaults for OMX/cmex/m/n on input line 86.
LaTeX Font Info:    ... okay on input line 86.
LaTeX Font Info:    Checking defaults for U/cmr/m/n on input line 86.
LaTeX Font Info:    ... okay on input line 86.
LaTeX Font Info:    Checking defaults for PD1/pdf/m/n on input line 86.
LaTeX Font Info:    ... okay on input line 86.
 ("C:\Program Files\MiKTeX 2.9\tex\context\base\supp-pdf.mkii"
[Loading MPS to PDF converter (version 2006.09.02).]
\scratchcounter=\count124
\scratchdimen=\dimen257
\scratchbox=\box38
\nofMPsegments=\count125
\nofMParguments=\count126
\everyMPshowfont=\toks23
\MPscratchCnt=\count127
\MPscratchDim=\dimen258
\MPnumerator=\count128
\makeMPintoPDFobject=\count129
\everyMPtoPDFconversion=\toks24
)
*geometry* driver: auto-detecting
*geometry* detected driver: pdftex
*geometry* verbose mode - [ preamble ] result:
* driver: pdftex
* paper: a4paper
* layout: <same size as paper>
* layoutoffset:(h,v)=(0.0pt,0.0pt)
* modes: 
* h-part:(L,W,R)=(56.9055pt, 483.69687pt, 56.9055pt)
* v-part:(T,H,B)=(56.9055pt, 731.23584pt, 56.9055pt)
* \paperwidth=597.50787pt
* \paperheight=845.04684pt
* \textwidth=483.69687pt
* \textheight=731.23584pt
* \oddsidemargin=-15.36449pt
* \evensidemargin=-15.36449pt
* \topmargin=-52.36449pt
* \headheight=12.0pt
* \headsep=25.0pt
* \topskip=10.0pt
* \footskip=30.0pt
* \marginparwidth=57.0pt
* \marginparsep=11.0pt
* \columnsep=10.0pt
* \skip\footins=9.0pt plus 4.0pt minus 2.0pt
* \hoffset=0.0pt
* \voffset=0.0pt
* \mag=1000
* \@twocolumnfalse
* \@twosidefalse
* \@mparswitchfalse
* \@reversemarginfalse
* (1in=72.27pt=25.4mm, 1cm=28.453pt)

Package caption Info: Begin \AtBeginDocument code.
Package caption Info: float package is loaded.
Package caption Info: hyperref package is loaded.
Package caption Info: End \AtBeginDocument code.
\AtBeginShipoutBox=\box39
Package hyperref Info: Link coloring ON on input line 86.
("C:\Program Files\MiKTeX 2.9\tex\latex\hyperref\nameref.sty"
Package: nameref 2012/10/27 v2.43 Cross-referencing by name of section

("C:\Program Files\MiKTeX 2.9\tex\generic\oberdiek\gettitlestring.sty"
Package: gettitlestring 2010/12/03 v1.4 Cleanup title references (HO)
)
\c@section@level=\count130
)
LaTeX Info: Redefining \ref on input line 86.
LaTeX Info: Redefining \pageref on input line 86.
LaTeX Info: Redefining \nameref on input line 86.

("C:\Users\lucp8394\Documents\StatFiles\CenStat\R Development\CSFA\pkg\vignette
s\CSFA.out")
("C:\Users\lucp8394\Documents\StatFiles\CenStat\R Development\CSFA\pkg\vignette
s\CSFA.out")
\@outlinefile=\write3
LaTeX Font Info:    Try loading font information for U+msa on input line 90.
 ("C:\Program Files\MiKTeX 2.9\tex\latex\amsfonts\umsa.fd"
File: umsa.fd 2013/01/14 v3.01 AMS symbols A
)
LaTeX Font Info:    Try loading font information for U+msb on input line 90.

("C:\Program Files\MiKTeX 2.9\tex\latex\amsfonts\umsb.fd"
File: umsb.fd 2013/01/14 v3.01 AMS symbols B
)
Underfull \hbox (badness 10000) in paragraph at lines 92--123

 []

Package color Info: Redefining color shadecolor on input line 158.
<figure/data_heatmap-1.png, id=49, 505.89pt x 505.89pt>
File: figure/data_heatmap-1.png Graphic file (type png)

<use figure/data_heatmap-1.png>
Package pdftex.def Info: figure/data_heatmap-1.png used on input line 159.
(pdftex.def)             Requested size: 483.69687pt x 483.70361pt.
 [1

{C:/ProgramData/MiKTeX/2.9/pdftex/config/pdftex.map}]
Package color Info: Redefining color shadecolor on input line 173.
LaTeX Font Info:    Font shape `OT1/cmtt/bx/n' in size <10> not available
(Font)              Font shape `OT1/cmtt/m/n' tried instead on input line 175.
 [2 <C:/Users/lucp8394/Documents/StatFiles/CenStat/R Development/CSFA/pkg/vigne
ttes/figure/data_heatmap-1.png>]
Package color Info: Redefining color shadecolor on input line 201.

<figure/ZG-1.pdf, id=77, 505.89pt x 505.89pt>
File: figure/ZG-1.pdf Graphic file (type pdf)
 <use figure/ZG-1.pdf>
Package pdftex.def Info: figure/ZG-1.pdf used on input line 208.
(pdftex.def)             Requested size: 312.9803pt x 312.9847pt.

Underfull \hbox (badness 10000) in paragraph at lines 224--246

 []

Package color Info: Redefining color shadecolor on input line 248.
[3 <C:/Users/lucp8394/Documents/StatFiles/CenStat/R Development/CSFA/pkg/vignet
tes/figure/ZG-1.pdf>] <figure/MFA-1.pdf, id=93, 505.89pt x 505.89pt>
File: figure/MFA-1.pdf Graphic file (type pdf)

<use figure/MFA-1.pdf>
Package pdftex.def Info: figure/MFA-1.pdf used on input line 257.
(pdftex.def)             Requested size: 256.07838pt x 284.53154pt.
 <figure/MFA-2.pdf, id=94, 505.89pt x 505.89pt>
File: figure/MFA-2.pdf Graphic file (type pdf)

<use figure/MFA-2.pdf>
Package pdftex.def Info: figure/MFA-2.pdf used on input line 258.
(pdftex.def)             Requested size: 256.07838pt x 284.53154pt.
 <figure/MFA-3.pdf, id=95, 505.89pt x 505.89pt>
File: figure/MFA-3.pdf Graphic file (type pdf)

<use figure/MFA-3.pdf>
Package pdftex.def Info: figure/MFA-3.pdf used on input line 259.
(pdftex.def)             Requested size: 256.07838pt x 284.53154pt.
 <figure/MFA-4.pdf, id=96, 505.89pt x 505.89pt>
File: figure/MFA-4.pdf Graphic file (type pdf)

<use figure/MFA-4.pdf>
Package pdftex.def Info: figure/MFA-4.pdf used on input line 260.
(pdftex.def)             Requested size: 256.07838pt x 284.53154pt.

Overfull \hbox (30.68211pt too wide) in paragraph at lines 257--261
[][] []
 []


Overfull \hbox (30.68211pt too wide) in paragraph at lines 257--261
[] []
 []


Underfull \hbox (badness 10000) in paragraph at lines 257--261

 []


Underfull \hbox (badness 10000) in paragraph at lines 268--277

 []


Underfull \hbox (badness 10000) in paragraph at lines 268--277

 []

[4 <C:/Users/lucp8394/Documents/StatFiles/CenStat/R Development/CSFA/pkg/vignet
tes/figure/MFA-1.pdf> <C:/Users/lucp8394/Documents/StatFiles/CenStat/R Developm
ent/CSFA/pkg/vignettes/figure/MFA-2.pdf> <C:/Users/lucp8394/Documents/StatFiles
/CenStat/R Development/CSFA/pkg/vignettes/figure/MFA-3.pdf> <C:/Users/lucp8394/
Documents/StatFiles/CenStat/R Development/CSFA/pkg/vignettes/figure/MFA-4.pdf>]
Package color Info: Redefining color shadecolor on input line 279.
<figure/MFA2-1.pdf, id=129, 505.89pt x 505.89pt>
File: figure/MFA2-1.pdf Graphic file (type pdf)
 <use figure/MFA2-1.pdf>
Package pdftex.def Info: figure/MFA2-1.pdf used on input line 287.
(pdftex.def)             Requested size: 256.07838pt x 284.53154pt.
Package color Info: Redefining color shadecolor on input line 301.

Overfull \hbox (18.59941pt too wide) in paragraph at lines 294--301
\OT1/cmr/m/n/10 Another ex-am-ple would be to draw gene pro-files. Now along-si
de the man-ual or in-ter-ac-tive se-lected \OT1/cmtt/m/n/10 column.interest\OT1
/cmr/m/n/10 ,
 []

<figure/MFA3-1.pdf, id=130, 505.89pt x 505.89pt>
File: figure/MFA3-1.pdf Graphic file (type pdf)
 <use figure/MFA3-1.pdf>
Package pdftex.def Info: figure/MFA3-1.pdf used on input line 310.
(pdftex.def)             Requested size: 256.07838pt x 284.53154pt.

[5 <C:/Users/lucp8394/Documents/StatFiles/CenStat/R Development/CSFA/pkg/vignet
tes/figure/MFA2-1.pdf>]
Underfull \hbox (badness 10000) in paragraph at lines 321--334

 []

Package color Info: Redefining color shadecolor on input line 337.
<figure/FABIA-1.pdf, id=143, 505.89pt x 505.89pt>
File: figure/FABIA-1.pdf Graphic file (type pdf)
 <use figure/FABIA-1.pdf>
Package pdftex.def Info: figure/FABIA-1.pdf used on input line 353.
(pdftex.def)             Requested size: 256.07838pt x 284.53154pt.

<figure/FABIA-2.pdf, id=144, 505.89pt x 505.89pt>
File: figure/FABIA-2.pdf Graphic file (type pdf)
 <use figure/FABIA-2.pdf>
Package pdftex.def Info: figure/FABIA-2.pdf used on input line 354.
(pdftex.def)             Requested size: 256.07838pt x 284.53154pt.

<figure/FABIA-3.pdf, id=145, 505.89pt x 505.89pt>
File: figure/FABIA-3.pdf Graphic file (type pdf)
 <use figure/FABIA-3.pdf>
Package pdftex.def Info: figure/FABIA-3.pdf used on input line 355.
(pdftex.def)             Requested size: 256.07838pt x 284.53154pt.

Overfull \hbox (30.68211pt too wide) in paragraph at lines 353--356
[][] []
 []

[6 <C:/Users/lucp8394/Documents/StatFiles/CenStat/R Development/CSFA/pkg/vignet
tes/figure/MFA3-1.pdf>]
Underfull \hbox (badness 10000) in paragraph at lines 368--383

 []


Underfull \hbox (badness 10000) in paragraph at lines 368--383

 []

[7 <C:/Users/lucp8394/Documents/StatFiles/CenStat/R Development/CSFA/pkg/vignet
tes/figure/FABIA-1.pdf> <C:/Users/lucp8394/Documents/StatFiles/CenStat/R Develo
pment/CSFA/pkg/vignettes/figure/FABIA-2.pdf> <C:/Users/lucp8394/Documents/StatF
iles/CenStat/R Development/CSFA/pkg/vignettes/figure/FABIA-3.pdf>]
Package color Info: Redefining color shadecolor on input line 387.
Package color Info: Redefining color shadecolor on input line 399.
Package color Info: Redefining color shadecolor on input line 445.

<figure/CSpermuteplots-1.pdf, id=185, 505.89pt x 505.89pt>
File: figure/CSpermuteplots-1.pdf Graphic file (type pdf)

<use figure/CSpermuteplots-1.pdf>
Package pdftex.def Info: figure/CSpermuteplots-1.pdf used on input line 453.
(pdftex.def)             Requested size: 256.07838pt x 284.53154pt.

<figure/CSpermuteplots-2.pdf, id=186, 505.89pt x 505.89pt>
File: figure/CSpermuteplots-2.pdf Graphic file (type pdf)

<use figure/CSpermuteplots-2.pdf>
Package pdftex.def Info: figure/CSpermuteplots-2.pdf used on input line 454.
(pdftex.def)             Requested size: 256.07838pt x 284.53154pt.

<figure/CSpermuteplots-3.pdf, id=187, 505.89pt x 505.89pt>
File: figure/CSpermuteplots-3.pdf Graphic file (type pdf)

<use figure/CSpermuteplots-3.pdf>
Package pdftex.def Info: figure/CSpermuteplots-3.pdf used on input line 455.
(pdftex.def)             Requested size: 256.07838pt x 284.53154pt.

Overfull \hbox (30.68211pt too wide) in paragraph at lines 453--456
[][] []
 []

[8]
Package color Info: Redefining color shadecolor on input line 463.
 <figure/CSpermuteplots2-1.pdf, id=192, 505.89pt x 505.89pt>
File: figure/CSpermuteplots2-1.pdf Graphic file (type pdf)

<use figure/CSpermuteplots2-1.pdf>
Package pdftex.def Info: figure/CSpermuteplots2-1.pdf used on input line 471.
(pdftex.def)             Requested size: 256.07838pt x 284.53154pt.

<figure/CSpermuteplots2-2.pdf, id=193, 505.89pt x 505.89pt>
File: figure/CSpermuteplots2-2.pdf Graphic file (type pdf)

<use figure/CSpermuteplots2-2.pdf>
Package pdftex.def Info: figure/CSpermuteplots2-2.pdf used on input line 472.
(pdftex.def)             Requested size: 256.07838pt x 284.53154pt.

<figure/CSpermuteplots2-3.pdf, id=194, 505.89pt x 505.89pt>
File: figure/CSpermuteplots2-3.pdf Graphic file (type pdf)

<use figure/CSpermuteplots2-3.pdf>
Package pdftex.def Info: figure/CSpermuteplots2-3.pdf used on input line 473.
(pdftex.def)             Requested size: 256.07838pt x 284.53154pt.

Overfull \hbox (30.68211pt too wide) in paragraph at lines 471--474
[][] []
 []

[9 <C:/Users/lucp8394/Documents/StatFiles/CenStat/R Development/CSFA/pkg/vignet
tes/figure/CSpermuteplots-1.pdf> <C:/Users/lucp8394/Documents/StatFiles/CenStat
/R Development/CSFA/pkg/vignettes/figure/CSpermuteplots-2.pdf> <C:/Users/lucp83
94/Documents/StatFiles/CenStat/R Development/CSFA/pkg/vignettes/figure/CSpermut
eplots-3.pdf>]
Overfull \hbox (4.97311pt too wide) in paragraph at lines 482--497
\OT1/cmr/m/n/10 In the R-code be-low, we first com-pare the Zhang and Gant re-s
ults with the MFA re-sult. With \OT1/cmtt/m/n/10 component2.plot=1
 []

[10 <C:/Users/lucp8394/Documents/StatFiles/CenStat/R Development/CSFA/pkg/vigne
ttes/figure/CSpermuteplots2-1.pdf> <C:/Users/lucp8394/Documents/StatFiles/CenSt
at/R Development/CSFA/pkg/vignettes/figure/CSpermuteplots2-2.pdf> <C:/Users/luc
p8394/Documents/StatFiles/CenStat/R Development/CSFA/pkg/vignettes/figure/CSper
muteplots2-3.pdf>]
Package color Info: Redefining color shadecolor on input line 499.
 <figure/CScompare-1.pdf, id=243, 505.89pt x 505.89pt>
File: figure/CScompare-1.pdf Graphic file (type pdf)

<use figure/CScompare-1.pdf>
Package pdftex.def Info: figure/CScompare-1.pdf used on input line 542.
(pdftex.def)             Requested size: 256.07838pt x 284.53154pt.

<figure/CScompare-2.pdf, id=244, 505.89pt x 505.89pt>
File: figure/CScompare-2.pdf Graphic file (type pdf)

<use figure/CScompare-2.pdf>
Package pdftex.def Info: figure/CScompare-2.pdf used on input line 543.
(pdftex.def)             Requested size: 256.07838pt x 284.53154pt.

<figure/CScompare-3.pdf, id=245, 505.89pt x 505.89pt>
File: figure/CScompare-3.pdf Graphic file (type pdf)

<use figure/CScompare-3.pdf>
Package pdftex.def Info: figure/CScompare-3.pdf used on input line 544.
(pdftex.def)             Requested size: 256.07838pt x 284.53154pt.

<figure/CScompare-4.pdf, id=246, 505.89pt x 505.89pt>
File: figure/CScompare-4.pdf Graphic file (type pdf)

<use figure/CScompare-4.pdf>
Package pdftex.def Info: figure/CScompare-4.pdf used on input line 545.
(pdftex.def)             Requested size: 256.07838pt x 284.53154pt.

<figure/CScompare-5.pdf, id=247, 505.89pt x 505.89pt>
File: figure/CScompare-5.pdf Graphic file (type pdf)

<use figure/CScompare-5.pdf>
Package pdftex.def Info: figure/CScompare-5.pdf used on input line 546.
(pdftex.def)             Requested size: 256.07838pt x 284.53154pt.

Overfull \hbox (30.68211pt too wide) in paragraph at lines 542--547
[][] []
 []


Overfull \hbox (30.68211pt too wide) in paragraph at lines 542--547
[] []
 []

[11]
Overfull \vbox (146.35878pt too high) has occurred while \output is active []


[12 <C:/Users/lucp8394/Documents/StatFiles/CenStat/R Development/CSFA/pkg/vigne
ttes/figure/CScompare-1.pdf> <C:/Users/lucp8394/Documents/StatFiles/CenStat/R D
evelopment/CSFA/pkg/vignettes/figure/CScompare-2.pdf> <C:/Users/lucp8394/Docume
nts/StatFiles/CenStat/R Development/CSFA/pkg/vignettes/figure/CScompare-3.pdf> 
<C:/Users/lucp8394/Documents/StatFiles/CenStat/R Development/CSFA/pkg/vignettes
/figure/CScompare-4.pdf> <C:/Users/lucp8394/Documents/StatFiles/CenStat/R Devel
opment/CSFA/pkg/vignettes/figure/CScompare-5.pdf>]
Package color Info: Redefining color shadecolor on input line 562.

Underfull \hbox (badness 10000) in paragraph at lines 553--562

 []

[13]
("C:\Users\lucp8394\Documents\StatFiles\CenStat\R Development\CSFA\pkg\vignette
s\CSFA.bbl")

Package caption Warning: Unused \captionsetup[sub] on input line 81.
See the caption package documentation for explanation.

Package atveryend Info: Empty hook `BeforeClearDocument' on input line 592.
[14]
Package atveryend Info: Empty hook `AfterLastShipout' on input line 592.

("C:\Users\lucp8394\Documents\StatFiles\CenStat\R Development\CSFA\pkg\vignette
s\CSFA.aux")
Package atveryend Info: Executing hook `AtVeryEndDocument' on input line 592.
Package atveryend Info: Executing hook `AtEndAfterFileList' on input line 592.
Package rerunfilecheck Info: File `CSFA.out' has not changed.
(rerunfilecheck)             Checksum: FA3AFFCADC70352022E03C44F7AC6F7D;435.
Package atveryend Info: Empty hook `AtVeryVeryEnd' on input line 592.
 ) 
Here is how much of TeX's memory you used:
 8732 strings out of 493705
 129400 string characters out of 3144560
 234633 words of memory out of 3000000
 11865 multiletter control sequences out of 15000+200000
 12636 words of font info for 49 fonts, out of 3000000 for 9000
 1025 hyphenation exceptions out of 8191
 42i,28n,40p,367b,372s stack positions out of 5000i,500n,10000p,200000b,50000s
<C:/Program Files/MiKTeX 2.9/fonts/type1/public/amsfonts/cm/cmbx10.pfb><C:/Pr
ogram Files/MiKTeX 2.9/fonts/type1/public/amsfonts/cm/cmbx12.pfb><C:/Program Fi
les/MiKTeX 2.9/fonts/type1/public/amsfonts/cm/cmex10.pfb><C:/Program Files/MiKT
eX 2.9/fonts/type1/public/amsfonts/cm/cmmi10.pfb><C:/Program Files/MiKTeX 2.9/f
onts/type1/public/amsfonts/cm/cmmi7.pfb><C:/Program Files/MiKTeX 2.9/fonts/type
1/public/amsfonts/cm/cmr10.pfb><C:/Program Files/MiKTeX 2.9/fonts/type1/public/
amsfonts/cm/cmr12.pfb><C:/Program Files/MiKTeX 2.9/fonts/type1/public/amsfonts/
cm/cmr17.pfb><C:/Program Files/MiKTeX 2.9/fonts/type1/public/amsfonts/cm/cmr7.p
fb><C:/Program Files/MiKTeX 2.9/fonts/type1/public/amsfonts/cm/cmti10.pfb><C:/P
rogram Files/MiKTeX 2.9/fonts/type1/public/amsfonts/cm/cmtt10.pfb>
Output written on CSFA.pdf (14 pages, 454839 bytes).
PDF statistics:
 352 PDF objects out of 1000 (max. 8388607)
 40 named destinations out of 1000 (max. 500000)
 175 words of extra memory for PDF output out of 10000 (max. 10000000)

